2025-08-28 22:36:49 [INFO]: Server started on port 4000
2025-08-28 22:37:27 [INFO]: Server started on port 4000
2025-08-28 22:37:45 [INFO]: Server started on port 4000
2025-08-28 22:39:41 [INFO]: Server started on port 4000
2025-08-28 22:42:15 [INFO]: Server started on port 4000
2025-08-28 22:42:22 [INFO]: [REQUEST] GET /api/movies | User: Гість
2025-08-28 22:42:35 [INFO]: [REQUEST] POST /api/auth/register | User: w
2025-08-28 22:42:35 [INFO]: [EVENT] Помилка реєстрації: ім'я користувача існує | User: w
2025-08-28 22:42:48 [INFO]: [REQUEST] POST /api/auth/register | User: w
2025-08-28 22:42:48 [INFO]: [EVENT] Помилка реєстрації: ім'я користувача існує | User: w
2025-08-28 22:42:55 [INFO]: [REQUEST] POST /api/auth/register | User: e
2025-08-28 22:42:55 [INFO]: [EVENT] Реєстрація користувача: e | Email: roxolanasai@gmail.com
2025-08-28 22:43:05 [INFO]: [REQUEST] POST /api/auth/login | User: Гість
2025-08-28 22:43:05 [INFO]: [EVENT] Невдалий логін: неправильний пароль | User: e
2025-08-28 22:43:09 [INFO]: [REQUEST] POST /api/auth/login | User: Гість
2025-08-28 22:43:09 [INFO]: [EVENT] Успішний логін користувача: e | Email: roxolanasai@gmail.com
2025-08-28 22:43:09 [INFO]: [REQUEST] GET /api/movies | User: Гість
2025-08-28 22:43:13 [INFO]: [REQUEST] GET /api/movies/5 | User: Гість
2025-08-28 22:43:15 [INFO]: [REQUEST] POST /api/movies/5/like | User: Гість
2025-08-28 22:43:15 [INFO]: [REQUEST] GET /api/movies/5 | User: Гість
2025-08-28 22:43:18 [INFO]: [REQUEST] GET /api/movies | User: Гість
2025-08-28 22:43:21 [INFO]: [REQUEST] GET /api/movies | User: Гість
2025-08-28 22:43:42 [INFO]: Server started on port 4000
2025-08-28 22:45:38 [INFO]: Server started on port 4000
2025-08-28 22:45:54 [INFO]: Server started on port 4000
2025-08-28 22:46:13 [ERROR]: Не вдалося запустити сервер: Too many keys specified; max 64 keys allowed
2025-08-28 22:47:44 [ERROR]: Не вдалося запустити сервер: Too many keys specified; max 64 keys allowed
2025-08-28 22:47:58 [ERROR]: Не вдалося запустити сервер: Too many keys specified; max 64 keys allowed
2025-08-28 22:51:17 [ERROR]: Не вдалося запустити сервер: Too many keys specified; max 64 keys allowed
2025-08-28 22:55:25 [ERROR]: Не вдалося запустити сервер: Too many keys specified; max 64 keys allowed
2025-08-28 22:56:40 [ERROR]: Не вдалося запустити сервер: Too many keys specified; max 64 keys allowed
2025-08-28 22:57:00 [INFO]: [EVENT] Сервер успішно запущено
2025-08-28 22:57:08 [INFO]: [EVENT] Отримано список фільмів | Count: 20
2025-08-28 22:57:10 [INFO]: [EVENT] Отримано деталі фільму | ID: 1
2025-08-28 22:57:12 [INFO]: [EVENT] Користувач 5 поставив like фільму 1
2025-08-28 22:57:12 [INFO]: [EVENT] Отримано деталі фільму | ID: 1
2025-08-28 22:57:13 [INFO]: [EVENT] Користувач 5 змінив лайк/дизлайк фільму 1 на like
2025-08-28 22:57:13 [INFO]: [EVENT] Отримано деталі фільму | ID: 1
2025-08-28 22:57:14 [INFO]: [EVENT] Користувач 5 змінив лайк/дизлайк фільму 1 на dislike
2025-08-28 22:57:14 [INFO]: [EVENT] Отримано деталі фільму | ID: 1
2025-08-28 22:57:14 [INFO]: [EVENT] Користувач 5 змінив лайк/дизлайк фільму 1 на like
2025-08-28 22:57:14 [INFO]: [EVENT] Отримано деталі фільму | ID: 1
2025-08-28 22:57:15 [INFO]: [EVENT] Користувач 5 змінив лайк/дизлайк фільму 1 на like
2025-08-28 22:57:15 [INFO]: [EVENT] Отримано деталі фільму | ID: 1
2025-08-28 22:57:16 [INFO]: [EVENT] Користувач 5 змінив лайк/дизлайк фільму 1 на like
2025-08-28 22:57:16 [INFO]: [EVENT] Отримано деталі фільму | ID: 1
2025-08-28 22:57:16 [INFO]: [EVENT] Користувач 5 змінив лайк/дизлайк фільму 1 на like
2025-08-28 22:57:16 [INFO]: [EVENT] Отримано деталі фільму | ID: 1
2025-08-28 22:57:16 [INFO]: [EVENT] Користувач 5 змінив лайк/дизлайк фільму 1 на dislike
2025-08-28 22:57:16 [INFO]: [EVENT] Отримано деталі фільму | ID: 1
2025-08-28 22:57:17 [INFO]: [EVENT] Користувач 5 змінив лайк/дизлайк фільму 1 на like
2025-08-28 22:57:17 [INFO]: [EVENT] Отримано деталі фільму | ID: 1
2025-08-28 22:57:18 [INFO]: [EVENT] Користувач 5 додав коментар до фільму 1: вцвцвц
2025-08-28 22:57:18 [INFO]: [EVENT] Отримано деталі фільму | ID: 1
2025-08-28 22:57:23 [INFO]: [EVENT] Користувач 5 додав коментар до фільму 1: вцвцвцвцвасівсівс
2025-08-28 22:57:23 [INFO]: [EVENT] Отримано деталі фільму | ID: 1
2025-08-28 22:57:33 [INFO]: [EVENT] Отримано список фільмів | Count: 20
2025-08-28 22:57:44 [INFO]: [EVENT] Сервер успішно запущено
2025-08-28 23:10:39 [INFO]: [EVENT] Отримано список фільмів | Count: 20
2025-08-28 23:10:47 [INFO]: [EVENT] Отримано деталі фільму | ID: 2
2025-08-28 23:10:48 [INFO]: [EVENT] Користувач 5 поставив like фільму 2
2025-08-28 23:10:48 [INFO]: [EVENT] Отримано деталі фільму | ID: 2
2025-08-28 23:10:51 [INFO]: [EVENT] Користувач 5 додав коментар до фільму 2: пукпва
2025-08-28 23:10:51 [INFO]: [EVENT] Отримано деталі фільму | ID: 2
2025-08-28 23:10:57 [INFO]: [EVENT] Отримано список фільмів | Count: 20
2025-08-28 23:11:04 [INFO]: [EVENT] Отримано список фільмів | Count: 20
2025-08-28 23:11:06 [INFO]: [EVENT] Отримано список фільмів | Count: 20
2025-08-28 23:11:07 [INFO]: [EVENT] Отримано список фільмів | Count: 20
2025-08-28 23:11:08 [INFO]: [EVENT] Отримано список фільмів | Count: 20
2025-08-28 23:11:08 [INFO]: [EVENT] Отримано список фільмів | Count: 20
2025-08-28 23:11:09 [INFO]: [EVENT] Отримано список фільмів | Count: 20
2025-08-28 23:11:10 [INFO]: [EVENT] Отримано список фільмів | Count: 20
2025-08-28 23:11:11 [INFO]: [EVENT] Отримано список фільмів | Count: 20
2025-08-28 23:11:19 [INFO]: [EVENT] Отримано список фільмів | Count: 20
2025-08-28 23:11:22 [INFO]: [EVENT] Отримано список фільмів | Count: 20
2025-08-28 23:11:26 [INFO]: [EVENT] Отримано список фільмів | Count: 20
2025-08-30 10:58:38 [INFO]: [EVENT] Сервер успішно запущено
2025-08-30 10:58:46 [INFO]: [EVENT] Отримано список фільмів | Count: 20
2025-08-30 10:58:53 [INFO]: [EVENT] Отримано деталі фільму | ID: 1
2025-08-30 10:59:07 [INFO]: [EVENT] Отримано список фільмів | Count: 20
2025-08-30 11:16:25 [INFO]: [EVENT] Отримано список фільмів | Count: 20
2025-08-30 11:20:09 [INFO]: [EVENT] Отримано список фільмів | Count: 20
2025-08-30 11:20:47 [INFO]: [EVENT] Отримано список фільмів | Count: 20
2025-08-30 11:27:49 [INFO]: [EVENT] Отримано список фільмів | Count: 20
2025-08-30 11:29:41 [INFO]: [EVENT] Отримано список фільмів | Count: 20
2025-08-30 11:30:03 [INFO]: [EVENT] Отримано список фільмів | Count: 20
2025-08-30 11:31:15 [INFO]: [EVENT] Отримано список фільмів | Count: 20
2025-08-30 11:34:34 [INFO]: [EVENT] Отримано список фільмів | Count: 20
2025-08-30 11:35:29 [INFO]: [EVENT] Отримано список фільмів | Count: 20
2025-08-30 11:36:35 [INFO]: [EVENT] Отримано список фільмів | Count: 20
2025-08-30 11:37:48 [INFO]: [EVENT] Отримано список фільмів | Count: 20
2025-08-30 11:42:14 [INFO]: [EVENT] Отримано деталі фільму | ID: 1
2025-08-30 11:45:14 [INFO]: [EVENT] Отримано список фільмів | Count: 20
2025-08-30 11:56:21 [INFO]: [EVENT] Отримано деталі фільму | ID: 1
2025-08-30 11:59:01 [INFO]: [EVENT] Отримано список фільмів | Count: 20
2025-08-30 12:00:56 [INFO]: [EVENT] Отримано деталі фільму | ID: 1
2025-08-30 12:02:53 [INFO]: [EVENT] Отримано деталі фільму | ID: 1
2025-08-30 12:12:17 [INFO]: [EVENT] Отримано деталі фільму | ID: 1
2025-08-30 12:14:26 [INFO]: [EVENT] Отримано деталі фільму | ID: 1
2025-08-30 12:15:33 [INFO]: [EVENT] Успішний логін користувача: w | Email: test@gmail.com
2025-08-30 12:15:33 [INFO]: [EVENT] Отримано список фільмів | Count: 20
2025-08-30 12:15:37 [INFO]: [EVENT] Отримано деталі фільму | ID: 1
2025-08-30 12:17:23 [INFO]: [EVENT] Користувач 4 змінив лайк/дизлайк фільму 1 на dislike
2025-08-30 12:17:23 [INFO]: [EVENT] Отримано деталі фільму | ID: 1
2025-08-30 12:17:24 [INFO]: [EVENT] Користувач 4 змінив лайк/дизлайк фільму 1 на like
2025-08-30 12:17:24 [INFO]: [EVENT] Отримано деталі фільму | ID: 1
2025-08-30 12:17:25 [INFO]: [EVENT] Користувач 4 змінив лайк/дизлайк фільму 1 на dislike
2025-08-30 12:17:25 [INFO]: [EVENT] Отримано деталі фільму | ID: 1
2025-08-30 12:17:26 [INFO]: [EVENT] Користувач 4 змінив лайк/дизлайк фільму 1 на like
2025-08-30 12:17:26 [INFO]: [EVENT] Отримано деталі фільму | ID: 1
2025-08-30 12:17:28 [INFO]: [EVENT] Користувач 4 змінив лайк/дизлайк фільму 1 на like
2025-08-30 12:17:28 [INFO]: [EVENT] Отримано деталі фільму | ID: 1
2025-08-30 12:32:10 [INFO]: [EVENT] Отримано список фільмів | Count: 20
2025-08-30 12:32:12 [INFO]: [EVENT] Отримано деталі фільму | ID: 1
2025-08-30 12:39:28 [INFO]: [EVENT] Користувач 4 додав коментар до фільму 1: ghrtqertt5yh5
2025-08-30 12:39:28 [INFO]: [EVENT] Отримано деталі фільму | ID: 1
2025-08-30 12:39:49 [INFO]: [EVENT] Отримано список фільмів | Count: 20
2025-08-30 12:39:51 [INFO]: [EVENT] Отримано деталі фільму | ID: 2
2025-08-30 12:39:56 [INFO]: [EVENT] Користувач 4 змінив лайк/дизлайк фільму 2 на dislike
2025-08-30 12:39:56 [INFO]: [EVENT] Отримано деталі фільму | ID: 2
2025-08-30 12:39:57 [INFO]: [EVENT] Користувач 4 змінив лайк/дизлайк фільму 2 на like
2025-08-30 12:39:57 [INFO]: [EVENT] Отримано деталі фільму | ID: 2
2025-08-30 12:39:59 [INFO]: [EVENT] Отримано список фільмів | Count: 20
2025-08-30 12:40:18 [INFO]: [EVENT] Отримано список фільмів | Count: 20
2025-08-30 18:14:49 [INFO]: [EVENT] Сервер успішно запущено
2025-08-30 18:14:55 [INFO]: [EVENT] Отримано список фільмів | Count: 20
2025-08-30 18:15:22 [INFO]: [EVENT] Отримано деталі фільму | ID: 3
2025-08-30 18:15:32 [INFO]: [EVENT] Отримано список фільмів | Count: 20
2025-08-30 18:15:33 [INFO]: [EVENT] Отримано деталі фільму | ID: 1
2025-08-30 18:16:02 [INFO]: [EVENT] Отримано список фільмів | Count: 20
2025-08-30 18:16:12 [INFO]: [EVENT] Отримано деталі фільму | ID: 1
2025-08-30 18:22:24 [INFO]: [EVENT] Помилка логіну: пропущені поля | Identifier: Невідомий
2025-08-30 18:22:25 [INFO]: [EVENT] Помилка логіну: пропущені поля | Identifier: Невідомий
2025-08-30 18:22:43 [INFO]: [EVENT] Успішний логін користувача: w | Email: test@gmail.com
2025-08-30 18:22:44 [INFO]: [EVENT] Отримано список фільмів | Count: 20
2025-08-30 18:22:51 [INFO]: [EVENT] Отримано деталі фільму | ID: 5
2025-08-30 18:22:53 [INFO]: [EVENT] Користувач 4 додав коментар до фільму 5: effefef
2025-08-30 18:22:53 [INFO]: [EVENT] Отримано деталі фільму | ID: 5
2025-08-30 18:22:59 [INFO]: [EVENT] Отримано список фільмів | Count: 20
2025-08-30 18:25:19 [INFO]: [EVENT] Отримано деталі фільму | ID: 4
2025-08-30 18:25:22 [INFO]: [EVENT] Користувач 4 додав коментар до фільму 4: fwefefefwef
2025-08-30 18:25:22 [INFO]: [EVENT] Отримано деталі фільму | ID: 4
2025-08-30 18:29:38 [INFO]: [EVENT] Користувач 4 додав коментар до фільму 4: freerdsvwedvwrv
2025-08-30 18:29:38 [INFO]: [EVENT] Отримано деталі фільму | ID: 4
2025-08-30 18:29:41 [INFO]: [EVENT] Користувач 4 додав коментар до фільму 4: dvdfvdfvdfvfv
2025-08-30 18:29:41 [INFO]: [EVENT] Отримано деталі фільму | ID: 4
2025-08-30 18:29:44 [INFO]: [EVENT] Користувач 4 додав коментар до фільму 4: vdvdvdvasdvdsfvdfvdfvdfv
2025-08-30 18:29:44 [INFO]: [EVENT] Отримано деталі фільму | ID: 4
2025-08-30 18:29:47 [INFO]: [EVENT] Користувач 4 додав коментар до фільму 4: vdfvvsvdvdvfdvdfv
2025-08-30 18:29:47 [INFO]: [EVENT] Отримано деталі фільму | ID: 4
2025-08-30 18:30:35 [INFO]: [EVENT] Користувач 4 додав коментар до фільму 4: sdcsdcsdcsdc
2025-08-30 18:30:35 [INFO]: [EVENT] Отримано деталі фільму | ID: 4
2025-08-30 18:30:38 [INFO]: [EVENT] Користувач 4 додав коментар до фільму 4: dcsdcsdcsdcsdc
2025-08-30 18:30:38 [INFO]: [EVENT] Отримано деталі фільму | ID: 4
2025-08-30 18:30:41 [INFO]: [EVENT] Користувач 4 додав коментар до фільму 4: dcscsdcsdcsdcsd
2025-08-30 18:30:41 [INFO]: [EVENT] Отримано деталі фільму | ID: 4
2025-08-30 18:30:58 [INFO]: [EVENT] Отримано список фільмів | Count: 20
2025-08-30 18:30:59 [INFO]: [EVENT] Отримано деталі фільму | ID: 1
2025-08-30 18:34:48 [INFO]: [EVENT] Сервер успішно запущено
2025-08-30 18:35:38 [INFO]: [EVENT] Сервер успішно запущено
2025-08-30 18:35:46 [INFO]: [EVENT] Отримано деталі фільму | ID: 1
2025-08-30 18:35:59 [INFO]: [EVENT] Користувач 4 додав коментар до фільму 1: івівівсівс
2025-08-30 18:35:59 [INFO]: [EVENT] Отримано деталі фільму | ID: 1
2025-08-30 18:36:04 [INFO]: [EVENT] Отримано деталі фільму | ID: 1
2025-08-30 18:36:40 [INFO]: [EVENT] Сервер успішно запущено
2025-08-30 18:41:57 [INFO]: [EVENT] Отримано деталі фільму | ID: 1
2025-08-30 18:42:59 [INFO]: [EVENT] Отримано деталі фільму | ID: 1
2025-08-30 18:43:11 [INFO]: [EVENT] Отримано деталі фільму | ID: 1
2025-08-30 18:44:40 [INFO]: [EVENT] Користувач 4 додав коментар до фільму 1: vLWJFBBJ Emv  3oirvnmef befb  knefbkqeblkef bnle;
2025-08-30 18:44:40 [INFO]: [EVENT] Отримано деталі фільму | ID: 1
2025-08-30 18:44:49 [INFO]: [EVENT] Користувач 4 додав коментар до фільму 1: kfmt erg  vLWJFBBJ Emv 3oirvnmef befb knefbkqeblkef bnle;vLWJFBBJ Emv 3oirvnmef befb knefbkqeblkef bnle;vLWJFBBJ Emv 3oirvnmef befb knefbkqeblkef bnle;vLWJFBBJ Emv 3oirvnmef befb knefbkqeblkef bnle;vLWJFBBJ Emv 3oirvnmef befb knefbkqeblkef bnle;vLWJFBBJ Emv 3oirvnmef befb knefbkqeblkef bnle;vLWJFBBJ Emv 3oirvnmef befb knefbkqeblkef bnle;vLWJFBBJ Emv 3oirvnmef befb knefbkqeblkef bnle;vLWJFBBJ Emv 3oirvnmef befb knefbkqeblkef bnle;vLWJFBBJ Emv 3oirvnmef befb knefbkqeblkef bnle;
2025-08-30 18:44:49 [INFO]: [EVENT] Отримано деталі фільму | ID: 1
2025-08-30 18:46:25 [INFO]: [EVENT] Отримано деталі фільму | ID: 1
2025-08-30 18:46:30 [INFO]: [EVENT] Отримано деталі фільму | ID: 1
2025-08-30 18:46:32 [INFO]: [EVENT] Отримано деталі фільму | ID: 1
2025-08-30 18:47:07 [INFO]: [EVENT] Отримано список фільмів | Count: 20
2025-08-30 18:47:09 [INFO]: [EVENT] Отримано деталі фільму | ID: 3
2025-08-30 18:47:11 [INFO]: [EVENT] Користувач 4 змінив лайк/дизлайк фільму 3 на dislike
2025-08-30 18:47:11 [INFO]: [EVENT] Отримано деталі фільму | ID: 3
2025-08-30 18:47:12 [INFO]: [EVENT] Користувач 4 змінив лайк/дизлайк фільму 3 на like
2025-08-30 18:47:12 [INFO]: [EVENT] Отримано деталі фільму | ID: 3
2025-08-30 18:47:14 [INFO]: [EVENT] Користувач 4 додав коментар до фільму 3: sdcsdcsdc
2025-08-30 18:47:14 [INFO]: [EVENT] Отримано деталі фільму | ID: 3
2025-08-30 18:47:17 [INFO]: [EVENT] Користувач 4 додав коментар до фільму 3: dscdcsdcsd
2025-08-30 18:47:17 [INFO]: [EVENT] Отримано деталі фільму | ID: 3
2025-08-30 18:52:00 [INFO]: [EVENT] Сервер успішно запущено
2025-08-30 18:52:10 [INFO]: [EVENT] Отримано деталі фільму | ID: 3
2025-08-30 18:52:15 [INFO]: [EVENT] Користувач 4 додав коментар до фільму 3: сівівсі
2025-08-30 18:52:15 [INFO]: [EVENT] Отримано деталі фільму | ID: 3
2025-08-30 18:52:19 [INFO]: [EVENT] Користувач 4 додав коментар до фільму 3: вівісівсівсівм
2025-08-30 18:52:19 [INFO]: [EVENT] Отримано деталі фільму | ID: 3
2025-08-30 18:52:21 [INFO]: [EVENT] Отримано деталі фільму | ID: 3
2025-08-30 18:52:22 [INFO]: [EVENT] Користувач 4 змінив лайк/дизлайк фільму 3 на dislike
2025-08-30 18:52:22 [INFO]: [EVENT] Отримано деталі фільму | ID: 3
2025-08-30 18:52:23 [INFO]: [EVENT] Користувач 4 змінив лайк/дизлайк фільму 3 на like
2025-08-30 18:52:23 [INFO]: [EVENT] Отримано деталі фільму | ID: 3
2025-08-30 18:54:24 [INFO]: [EVENT] Отримано деталі фільму | ID: 3
2025-08-30 18:54:37 [INFO]: [EVENT] Отримано деталі фільму | ID: 3
2025-08-30 18:55:01 [INFO]: [EVENT] Отримано деталі фільму | ID: 3
2025-08-30 18:56:32 [INFO]: [EVENT] Отримано деталі фільму | ID: 3
2025-08-30 18:56:50 [INFO]: [EVENT] Користувач 4 змінив лайк/дизлайк фільму 3 на dislike
2025-08-30 18:56:50 [INFO]: [EVENT] Отримано деталі фільму | ID: 3
2025-08-30 18:56:51 [INFO]: [EVENT] Користувач 4 змінив лайк/дизлайк фільму 3 на like
2025-08-30 18:56:51 [INFO]: [EVENT] Отримано деталі фільму | ID: 3
2025-08-30 18:56:52 [INFO]: [EVENT] Користувач 4 змінив лайк/дизлайк фільму 3 на dislike
2025-08-30 18:56:52 [INFO]: [EVENT] Отримано деталі фільму | ID: 3
2025-08-30 18:56:53 [INFO]: [EVENT] Користувач 4 змінив лайк/дизлайк фільму 3 на like
2025-08-30 18:56:53 [INFO]: [EVENT] Отримано деталі фільму | ID: 3
2025-08-30 18:58:42 [INFO]: [EVENT] Отримано список фільмів | Count: 20
2025-08-30 18:58:43 [INFO]: [EVENT] Отримано деталі фільму | ID: 1
2025-08-30 18:58:46 [INFO]: [EVENT] Отримано деталі фільму | ID: 1
2025-08-30 18:59:07 [INFO]: [EVENT] Користувач 4 змінив лайк/дизлайк фільму 1 на dislike
2025-08-30 18:59:07 [INFO]: [EVENT] Отримано деталі фільму | ID: 1
2025-08-30 18:59:08 [INFO]: [EVENT] Користувач 4 змінив лайк/дизлайк фільму 1 на like
2025-08-30 18:59:08 [INFO]: [EVENT] Отримано деталі фільму | ID: 1
2025-08-30 18:59:09 [INFO]: [EVENT] Користувач 4 змінив лайк/дизлайк фільму 1 на like
2025-08-30 18:59:09 [INFO]: [EVENT] Отримано деталі фільму | ID: 1
2025-08-30 18:59:16 [INFO]: [EVENT] Отримано список фільмів | Count: 20
2025-08-30 19:03:17 [INFO]: [EVENT] Отримано деталі фільму | ID: 14
2025-08-30 19:03:21 [INFO]: [EVENT] Користувач 4 додав коментар до фільму 14: кукукмпук
2025-08-30 19:03:21 [INFO]: [EVENT] Отримано деталі фільму | ID: 14
2025-08-30 19:03:24 [INFO]: [EVENT] Користувач 4 додав коментар до фільму 14: умкукуау
2025-08-30 19:03:24 [INFO]: [EVENT] Отримано деталі фільму | ID: 14
2025-08-30 19:03:25 [INFO]: [EVENT] Користувач 4 поставив like фільму 14
2025-08-30 19:03:25 [INFO]: [EVENT] Отримано деталі фільму | ID: 14
2025-08-30 19:35:10 [INFO]: [EVENT] Сервер успішно запущено
2025-08-30 19:35:28 [INFO]: [EVENT] Отримано список фільмів | Count: 20
2025-08-30 19:35:31 [INFO]: [EVENT] Отримано деталі фільму | ID: 1
2025-08-30 19:35:35 [INFO]: [EVENT] Отримано деталі фільму | ID: 1
2025-08-30 19:35:40 [INFO]: [EVENT] Отримано деталі фільму | ID: 1
2025-08-30 19:36:51 [INFO]: [EVENT] Отримано деталі фільму | ID: 1
2025-08-30 19:36:57 [INFO]: [EVENT] Отримано список фільмів | Count: 20
2025-08-30 19:36:59 [INFO]: [EVENT] Отримано деталі фільму | ID: 5
2025-08-30 19:37:02 [INFO]: [EVENT] Отримано список фільмів | Count: 20
2025-08-30 19:37:02 [INFO]: [EVENT] Отримано список фільмів | Count: 20
2025-08-30 19:37:03 [INFO]: [EVENT] Отримано список фільмів | Count: 20
2025-08-30 19:37:04 [INFO]: [EVENT] Отримано список фільмів | Count: 20
2025-08-30 19:37:05 [INFO]: [EVENT] Отримано список фільмів | Count: 20
2025-08-30 19:37:06 [INFO]: [EVENT] Отримано список фільмів | Count: 20
2025-08-30 19:37:10 [INFO]: [EVENT] Отримано список фільмів | Count: 20
2025-08-30 19:37:16 [INFO]: [EVENT] Сервер успішно запущено
